[debug] [2023-06-10T09:05:44.725Z] ----------------------------------------------------------------------
[debug] [2023-06-10T09:05:44.730Z] Command:       E:\Program Files\nodejs\node.exe C:\Users\Jensen\AppData\Roaming\npm\node_modules\firebase-tools\lib\bin\firebase.js init functions
[debug] [2023-06-10T09:05:44.731Z] CLI Version:   12.3.0
[debug] [2023-06-10T09:05:44.732Z] Platform:      win32
[debug] [2023-06-10T09:05:44.732Z] Node Version:  v16.15.1
[debug] [2023-06-10T09:05:44.836Z] Time:          Sat Jun 10 2023 11:05:44 GMT+0200 (Central European Summer Time)
[debug] [2023-06-10T09:05:44.837Z] ----------------------------------------------------------------------
[debug] 
[debug] [2023-06-10T09:05:44.899Z] >>> [apiv2][query] GET https://firebase-public.firebaseio.com/cli.json [none]
[debug] [2023-06-10T09:05:45.203Z] > command requires scopes: ["email","openid","https://www.googleapis.com/auth/cloudplatformprojects.readonly","https://www.googleapis.com/auth/firebase","https://www.googleapis.com/auth/cloud-platform"]
[debug] [2023-06-10T09:05:45.204Z] > authorizing via signed-in user (vukrosic1@gmail.com)
[info] 
     ######## #### ########  ######## ########     ###     ######  ########
     ##        ##  ##     ## ##       ##     ##  ##   ##  ##       ##
     ######    ##  ########  ######   ########  #########  ######  ######
     ##        ##  ##    ##  ##       ##     ## ##     ##       ## ##
     ##       #### ##     ## ######## ########  ##     ##  ######  ########

You're about to initialize a Firebase project in this directory:

  D:\Startup\teach-gpt

Before we get started, keep in mind:

  * You are initializing within an existing Firebase project directory

[debug] [2023-06-10T09:05:45.545Z] <<< [apiv2][status] GET https://firebase-public.firebaseio.com/cli.json 200
[debug] [2023-06-10T09:05:45.547Z] <<< [apiv2][body] GET https://firebase-public.firebaseio.com/cli.json {"cloudBuildErrorAfter":1594252800000,"cloudBuildWarnAfter":1590019200000,"defaultNode10After":1594252800000,"minVersion":"3.0.5","node8DeploysDisabledAfter":1613390400000,"node8RuntimeDisabledAfter":1615809600000,"node8WarnAfter":1600128000000}
[info] 
=== Project Setup
[info] 
[info] First, let's associate this project directory with a Firebase project.
[info] You can create multiple project aliases by running firebase use --add, 
[info] but for now we'll just set up a default project.
[info] 
[debug] [2023-06-10T09:06:17.094Z] Using project from CLI flag: personal-teacher-gpt
[debug] [2023-06-10T09:06:17.096Z] > refreshing access token with scopes: []
[debug] [2023-06-10T09:06:17.097Z] >>> [apiv2][query] POST https://www.googleapis.com/oauth2/v3/token [none]
[debug] [2023-06-10T09:06:17.097Z] >>> [apiv2][body] POST https://www.googleapis.com/oauth2/v3/token [omitted]
[debug] [2023-06-10T09:06:17.210Z] <<< [apiv2][status] POST https://www.googleapis.com/oauth2/v3/token 200
[debug] [2023-06-10T09:06:17.210Z] <<< [apiv2][body] POST https://www.googleapis.com/oauth2/v3/token [omitted]
[debug] [2023-06-10T09:06:17.288Z] >>> [apiv2][query] GET https://firebase.googleapis.com/v1beta1/projects/personal-teacher-gpt [none]
[debug] [2023-06-10T09:06:17.542Z] <<< [apiv2][status] GET https://firebase.googleapis.com/v1beta1/projects/personal-teacher-gpt 200
[debug] [2023-06-10T09:06:17.543Z] <<< [apiv2][body] GET https://firebase.googleapis.com/v1beta1/projects/personal-teacher-gpt {"projectId":"personal-teacher-gpt","projectNumber":"266393942599","displayName":"Personal Teacher GPT","name":"projects/personal-teacher-gpt","resources":{"hostingSite":"personal-teacher-gpt","realtimeDatabaseInstance":"personal-teacher-gpt-default-rtdb"},"state":"ACTIVE","etag":"1_3e6199c9-f25f-4baa-a8f0-36b734bbbe3d"}
[info] i  Using project personal-teacher-gpt (Personal Teacher GPT) 
[info] 
=== Functions Setup
[debug] [2023-06-10T09:06:17.578Z] > command requires scopes: ["email","openid","https://www.googleapis.com/auth/cloudplatformprojects.readonly","https://www.googleapis.com/auth/firebase","https://www.googleapis.com/auth/cloud-platform"]
[debug] [2023-06-10T09:06:17.579Z] > authorizing via signed-in user (vukrosic1@gmail.com)
[debug] [2023-06-10T09:06:17.579Z] [iam] checking project personal-teacher-gpt for permissions ["firebase.projects.get"]
[debug] [2023-06-10T09:06:17.580Z] >>> [apiv2][query] POST https://cloudresourcemanager.googleapis.com/v1/projects/personal-teacher-gpt:testIamPermissions [none]
[debug] [2023-06-10T09:06:17.580Z] >>> [apiv2][(partial)header] POST https://cloudresourcemanager.googleapis.com/v1/projects/personal-teacher-gpt:testIamPermissions x-goog-quota-user=projects/personal-teacher-gpt
[debug] [2023-06-10T09:06:17.580Z] >>> [apiv2][body] POST https://cloudresourcemanager.googleapis.com/v1/projects/personal-teacher-gpt:testIamPermissions {"permissions":["firebase.projects.get"]}
[debug] [2023-06-10T09:06:18.377Z] <<< [apiv2][status] POST https://cloudresourcemanager.googleapis.com/v1/projects/personal-teacher-gpt:testIamPermissions 200
[debug] [2023-06-10T09:06:18.377Z] <<< [apiv2][body] POST https://cloudresourcemanager.googleapis.com/v1/projects/personal-teacher-gpt:testIamPermissions {"permissions":["firebase.projects.get"]}
[debug] [2023-06-10T09:06:18.378Z] >>> [apiv2][query] GET https://serviceusage.googleapis.com/v1/projects/personal-teacher-gpt/services/cloudfunctions.googleapis.com [none]
[debug] [2023-06-10T09:06:18.378Z] >>> [apiv2][(partial)header] GET https://serviceusage.googleapis.com/v1/projects/personal-teacher-gpt/services/cloudfunctions.googleapis.com x-goog-quota-user=projects/personal-teacher-gpt
[debug] [2023-06-10T09:06:18.379Z] >>> [apiv2][query] GET https://serviceusage.googleapis.com/v1/projects/personal-teacher-gpt/services/runtimeconfig.googleapis.com [none]
[debug] [2023-06-10T09:06:18.379Z] >>> [apiv2][(partial)header] GET https://serviceusage.googleapis.com/v1/projects/personal-teacher-gpt/services/runtimeconfig.googleapis.com x-goog-quota-user=projects/personal-teacher-gpt
[debug] [2023-06-10T09:06:19.351Z] <<< [apiv2][status] GET https://serviceusage.googleapis.com/v1/projects/personal-teacher-gpt/services/cloudfunctions.googleapis.com 200
[debug] [2023-06-10T09:06:19.351Z] <<< [apiv2][body] GET https://serviceusage.googleapis.com/v1/projects/personal-teacher-gpt/services/cloudfunctions.googleapis.com [omitted]
[debug] [2023-06-10T09:06:19.352Z] <<< [apiv2][status] GET https://serviceusage.googleapis.com/v1/projects/personal-teacher-gpt/services/runtimeconfig.googleapis.com 200
[debug] [2023-06-10T09:06:19.352Z] <<< [apiv2][body] GET https://serviceusage.googleapis.com/v1/projects/personal-teacher-gpt/services/runtimeconfig.googleapis.com [omitted]
[info] Let's create a new codebase for your functions.
[info] A directory corresponding to the codebase will be created in your project
[info] with sample code pre-configured.

[info] See https://firebase.google.com/docs/functions/organize-functions for
[info] more information on organizing your functions using codebases.

[info] Functions can be deployed with firebase deploy.

